000 (8730266.000.000) 09/22 14:42:53 Job submitted from host: <188.185.8.79:9618?addrs=188.185.8.79-9618+[2001-1458-d00-63--100-23a]-9618&alias=bigbird26.cern.ch&noUDP&sock=schedd_2186_fe1e>
...
040 (8730266.000.000) 09/22 14:47:05 Started transferring input files
	Transferring to host: <188.185.213.101:9618?addrs=188.185.213.101-9618+[2001-1458-303-1a--100-61]-9618&alias=b9p27p5252.cern.ch&noUDP&sock=slot1_3_6861_f1f0_130403>
...
040 (8730266.000.000) 09/22 14:47:05 Finished transferring input files
...
001 (8730266.000.000) 09/22 14:47:06 Job executing on host: <188.185.213.101:9618?addrs=188.185.213.101-9618+[2001-1458-303-1a--100-61]-9618&alias=b9p27p5252.cern.ch&noUDP&sock=startd_6388_3713>
	SlotName: slot1_3@b9p27p5252.cern.ch
	CondorScratchDir = "/pool/condor/dir_525624"
	Cpus = 2
	Disk = 4197413
	GPUs = 0
	Memory = 6000
...
006 (8730266.000.000) 09/22 14:47:18 Image size of job updated: 79496
	0  -  MemoryUsage of job (MB)
	0  -  ResidentSetSize of job (KB)
...
040 (8730266.000.000) 09/22 14:47:18 Started transferring output files
...
040 (8730266.000.000) 09/22 14:47:18 Finished transferring output files
...
005 (8730266.000.000) 09/22 14:47:18 Job terminated.
	(1) Normal termination (return value 2)
		Usr 0 00:00:02, Sys 0 00:00:01  -  Run Remote Usage
		Usr 0 00:00:00, Sys 0 00:00:00  -  Run Local Usage
		Usr 0 00:00:02, Sys 0 00:00:01  -  Total Remote Usage
		Usr 0 00:00:00, Sys 0 00:00:00  -  Total Local Usage
	9156  -  Run Bytes Sent By Job
	688  -  Run Bytes Received By Job
	9156  -  Total Bytes Sent By Job
	688  -  Total Bytes Received By Job
	Partitionable Resources :    Usage  Request Allocated 
	   Cpus                 :        0        2         2 
	   Disk (KB)            :       33  4194304   4197413 
	   GPUs                 :                           0 
	   Memory (MB)          :        0     6000      6000 

	Job terminated of its own accord at 2025-09-22T12:47:18Z with exit-code 2.
...
