000 (8730271.000.000) 09/22 14:44:46 Job submitted from host: <188.185.8.79:9618?addrs=188.185.8.79-9618+[2001-1458-d00-63--100-23a]-9618&alias=bigbird26.cern.ch&noUDP&sock=schedd_2186_fe1e>
...
040 (8730271.000.000) 09/22 14:47:17 Started transferring input files
	Transferring to host: <188.185.210.66:9618?addrs=188.185.210.66-9618+[2001-1458-303-1--100-3e]-9618&alias=b9p21p1783.cern.ch&noUDP&sock=slot1_11_7294_0862_127218>
...
040 (8730271.000.000) 09/22 14:47:17 Finished transferring input files
...
001 (8730271.000.000) 09/22 14:47:18 Job executing on host: <188.185.210.66:9618?addrs=188.185.210.66-9618+[2001-1458-303-1--100-3e]-9618&alias=b9p21p1783.cern.ch&noUDP&sock=startd_6465_07de>
	SlotName: slot1_11@b9p21p1783.cern.ch
	CondorScratchDir = "/pool/condor/dir_2121165"
	Cpus = 2
	Disk = 4196695
	GPUs = 0
	Memory = 6000
...
006 (8730271.000.000) 09/22 14:47:20 Image size of job updated: 200
	1  -  MemoryUsage of job (MB)
	200  -  ResidentSetSize of job (KB)
...
040 (8730271.000.000) 09/22 14:47:20 Started transferring output files
...
040 (8730271.000.000) 09/22 14:47:20 Finished transferring output files
...
005 (8730271.000.000) 09/22 14:47:20 Job terminated.
	(1) Normal termination (return value 0)
		Usr 0 00:00:00, Sys 0 00:00:00  -  Run Remote Usage
		Usr 0 00:00:00, Sys 0 00:00:00  -  Run Local Usage
		Usr 0 00:00:00, Sys 0 00:00:00  -  Total Remote Usage
		Usr 0 00:00:00, Sys 0 00:00:00  -  Total Local Usage
	0  -  Run Bytes Sent By Job
	871  -  Run Bytes Received By Job
	0  -  Total Bytes Sent By Job
	871  -  Total Bytes Received By Job
	Partitionable Resources :    Usage  Request Allocated 
	   Cpus                 :        0        2         2 
	   Disk (KB)            :       28  4194304   4196695 
	   GPUs                 :                           0 
	   Memory (MB)          :        1     6000      6000 

	Job terminated of its own accord at 2025-09-22T12:47:20Z with exit-code 0.
...
