Using selections:
 {'trig': {'singleLepton': False, 'doubleLepton': False}, 'mll': {'mll_low': 60.0, 'mll_high': 120.0}, 'tt': {'tau_pt': 20.0, 'tau_eta': 2.3, 'tau_antiMu': 0, 'tau_antiEle': 0, 'tau_dz': 0.2, 'lt_DR': 0.5, 'tt_DR': 0.5, 'll_DR': 0.3, 'tau_vJet': 16, 'tau_vMu': 4, 'tau_vEle': 8}, 'mt': {'mu_ID': True, 'mu_pt': 20.0, 'mu_eta': 2.4, 'mu_dxy': 0.2, 'mu_dz': 0.5, 'mu_iso_f': True, 'mu_iso': 0.15, 'mt_DR': 0.5, 'mu_type': True, 'tau_pt': 20.0, 'tau_eta': 2.3, 'tau_antiMu': 0, 'tau_antiEle': 0, 'tau_eemt_antiMu': 3, 'tau_decayMode': True, 'tau_ID': 0, 'tau_dz': 0.2, 'lt_DR': 0.5, 'll_DR': 0.3, 'tau_vJet': 16, 'tau_vMu': 4, 'tau_vEle': 8}, 'mmoverlap': {'mu_ID': True, 'mu_pt': 20.0, 'mu_eta': 2.4, 'mu_dxy': 0.2, 'mu_dz': 0.5, 'mu_iso_f': True, 'mu_iso': 0.15, 'mu_type': True, 'll_DR': 0.3}, 'em': {'mu_ID': True, 'mu_dxy': 0.2, 'mu_dz': 0.5, 'mu_pt': 20.0, 'mu_eta': 2.4, 'mu_iso_f': True, 'mu_iso': 0.15, 'mu_type': False, 'em_DR': 0.3, 'lt_DR': 0.5, 'll_DR': 0.3, 'ele_pt': 20.0, 'ele_eta': 2.5, 'ele_dxy': 0.045, 'ele_dz': 0.2, 'ele_lostHits': 1, 'ele_convVeto': True, 'ele_ID': True, 'ele_iso_f': True, 'ele_iso': 0.1}, 'et': {'ele_dxy': 0.045, 'ele_dz': 0.2, 'ele_ID': True, 'ele_lostHits': 1, 'ele_convVeto': True, 'ele_pt': 20.0, 'ele_eta': 2.5, 'lt_DR': 0.5, 'll_DR': 0.3, 'tau_eta': 2.3, 'tau_pt': 20.0, 'tau_antiMu': 0, 'tau_antiEle': 0, 'tau_eeet_antiEle': 8, 'tau_ID': 0, 'tau_decayMode': True, 'tau_dz': 0.2, 'tt_DR': 0.5, 'ele_iso_f': True, 'ele_iso': 0.1, 'tau_vJet': 16, 'tau_vMu': 4, 'tau_vEle': 8}, 'eeoverlap': {'ele_dxy': 0.045, 'ele_dz': 0.2, 'ele_ID': True, 'ele_lostHits': 2, 'ele_convVeto': True, 'ele_pt': 20.0, 'ele_eta': 2.5, 'll_DR': 0.3, 'ele_iso_f': True, 'ele_iso': 0.1}, 'mm': {'mu_pt': 20.0, 'mu_eta': 2.4, 'mu_ID': True, 'mu_iso_f': True, 'mu_iso': 0.15, 'mu_dxy': 0.2, 'mu_dz': 0.5, 'mu_type': True, 'll_DR': 0.3}, 'ee': {'ele_pt': 20.0, 'ele_eta': 2.5, 'ele_dxy': 0.045, 'ele_dz': 0.2, 'ele_lostHits': 0, 'ele_convVeto': True, 'ele_ID': True, 'ele_iso_f': True, 'ele_iso': 0.1, 'll_DR': 0.3}, 'loose_mextra': {'mu_pt': 20.0, 'mu_eta': 2.4, 'mu_ID': True, 'mu_iso_f': False, 'mu_iso': 0.15, 'mu_dxy': 4.0, 'mu_dz': 20, 'mu_type': True, 'll_DR': 0.3}, 'loose_eextra': {'ele_pt': 20.0, 'ele_eta': 2.5, 'ele_dxy': 0.045, 'ele_dz': 0.2, 'ele_lostHits': 0, 'ele_convVeto': True, 'ele_ID': True, 'ele_iso_f': False, 'ele_iso': 0.1, 'll_DR': 0.3}, 'loose_textra': {'tau_pt': 20.0, 'tau_eta': 2.3, 'tau_dz': 10, 'lt_DR': 0.5, 'tt_DR': 0.5, 'tau_vJet': 2, 'tau_vMu': 2, 'tau_vEle': 2}, 'tight_mextra': {'mu_pt': 20.0, 'mu_eta': 2.4, 'mu_ID': True, 'mu_iso_f': True, 'mu_iso': 0.15, 'mu_dxy': 0.2, 'mu_dz': 0.5, 'mu_type': True, 'll_DR': 0.3}, 'tight_eextra': {'ele_pt': 20.0, 'ele_eta': 2.5, 'ele_dxy': 0.045, 'ele_dz': 0.2, 'ele_lostHits': 0, 'ele_convVeto': True, 'ele_ID': True, 'ele_iso_f': True, 'ele_iso': 0.1, 'll_DR': 0.3}, 'tight_textra': {'tau_pt': 20.0, 'tau_eta': 2.3, 'tau_dz': 0.2, 'lt_DR': 0.5, 'tt_DR': 0.5, 'tau_vJet': 16, 'tau_vMu': 4, 'tau_vEle': 8}}
args=Namespace(verbose=0, inFileName='root://cms-xrd-global.cern.ch//store/mc/RunIISummer20UL18NanoAODv9/ttHToTauTau_M125_TuneCP5_13TeV-powheg-pythia8/NANOAODSIM/106X_upgrade2018_realistic_v16_L1v1-v1/270000/9445E043-7C95-0346-AB42-815A94DE6A27.root', category='none', nickName='ttHToTauTau', dataType='MC', outFileName='/eos/user/a/atahmad/run2_skims/MC_2018/ttHToTauTau_loose/9445E043-7C95-0346-AB42-815A94DE6A27.root', nEvents=0, maxPrint=0, testMode='', year=2018, selection='DCH', unique='none', weights=0, doSystematics='0', era='UL', cuts='tight')
Opening root://cms-xrd-global.cern.ch//store/mc/RunIISummer20UL18NanoAODv9/ttHToTauTau_M125_TuneCP5_13TeV-powheg-pythia8/NANOAODSIM/106X_upgrade2018_realistic_v16_L1v1-v1/270000/9445E043-7C95-0346-AB42-815A94DE6A27.root as input.  Event category tttt
nentries=306000 nMax=306000
hData=Name: pileup Title: pileup NbinsX: 99
Opening MC pileup file = pileup_2018UL_MC.root
fMC=Name: pileup_2018UL_MC.root Title: 
sum of pData=1.000000
sum of pMC=1.000294
In generalFunctions.pileUpWeight.calculateWeights() :
In generalFunctions.getOutFileName() args.outFileName=/eos/user/a/atahmad/run2_skims/MC_2018/ttHToTauTau_loose/9445E043-7C95-0346-AB42-815A94DE6A27.root
Opening /eos/user/a/atahmad/run2_skims/MC_2018/ttHToTauTau_loose/9445E043-7C95-0346-AB42-815A94DE6A27.root as output.
era 2018 Electron_RunUL2018_Ele35.root
initialized the UL SF from ../tools/electron_2018.json.gz ../tools/muon_Z_2018.json.gz ../tools/tau_2018.json.gz
------>systematics list []
------>jetssystematics list []
Count=0
Count=1000
Count=2000
Count=3000
Count=4000
Count=5000
Count=6000
Count=7000
Count=8000
Count=9000
Count=10000
Count=20000
Count=30000
Count=40000
Count=50000
Count=60000
Count=70000
Count=80000
Count=90000
Count=100000
Count=110000
Count=120000
Count=130000
Count=140000
Count=150000
Count=160000
Count=170000
Count=180000
Count=190000
Count=200000
Count=210000
Count=220000
Count=230000
Count=240000
Count=250000
Count=260000
Count=270000
Count=280000
Count=290000
Count=300000
Run time=11818.40 s  time/event=38622.4 us
In outTuple.writeTree() entries=53353

Summary for eeee

Summary for eeem

Summary for eeet

Summary for eemm

Summary for eemt

Summary for eett

Summary for emem

Summary for emet

Summary for emmm

Summary for emmt

Summary for emtt

Summary for etet

Summary for etmm

Summary for etmt

Summary for ettt

Summary for mmmm

Summary for mmmt

Summary for mmtt

Summary for mtmt

Summary for mttt

Summary for tttt
# Yields in each channel  {'eeee': 0, 'eeem': 0, 'eeet': 0, 'eemm': 0, 'eemt': 0, 'eett': 0, 'emem': 0, 'emet': 0, 'emmm': 0, 'emmt': 0, 'emtt': 0, 'etet': 0, 'etmm': 0, 'etmt': 0, 'ettt': 0, 'mmmm': 0, 'mmmt': 0, 'mmtt': 0, 'mtmt': 0, 'mttt': 0, 'tttt': 0} Total entries  306000
# of selected events 111846 
# of 3 lep events 11857 
# of 5 lep evts 0 
# of passed events 0
