000 (8730265.000.000) 09/22 14:42:40 Job submitted from host: <188.185.8.79:9618?addrs=188.185.8.79-9618+[2001-1458-d00-63--100-23a]-9618&alias=bigbird26.cern.ch&noUDP&sock=schedd_2186_fe1e>
...
000 (8730265.001.000) 09/22 14:42:40 Job submitted from host: <188.185.8.79:9618?addrs=188.185.8.79-9618+[2001-1458-d00-63--100-23a]-9618&alias=bigbird26.cern.ch&noUDP&sock=schedd_2186_fe1e>
...
040 (8730265.000.000) 09/22 14:47:06 Started transferring input files
	Transferring to host: <188.185.193.114:9618?addrs=188.185.193.114-9618+[2001-1458-303-20--100-6e]-9618&alias=b9p19p8505.cern.ch&noUDP&sock=slot1_3_2612322_ebae_101720>
...
040 (8730265.000.000) 09/22 14:47:06 Finished transferring input files
...
040 (8730265.001.000) 09/22 14:47:06 Started transferring input files
	Transferring to host: <188.185.210.36:9618?addrs=188.185.210.36-9618+[2001-1458-303-1--100-20]-9618&alias=b9p21p5630.cern.ch&noUDP&sock=slot1_2_8381_ec2e_128902>
...
040 (8730265.001.000) 09/22 14:47:06 Finished transferring input files
...
001 (8730265.000.000) 09/22 14:47:07 Job executing on host: <188.185.193.114:9618?addrs=188.185.193.114-9618+[2001-1458-303-20--100-6e]-9618&alias=b9p19p8505.cern.ch&noUDP&sock=startd_2612268_25b8>
	SlotName: slot1_3@b9p19p8505.cern.ch
	CondorScratchDir = "/pool/condor/dir_841653"
	Cpus = 2
	Disk = 4196215
	GPUs = 0
	Memory = 6000
...
001 (8730265.001.000) 09/22 14:47:07 Job executing on host: <188.185.210.36:9618?addrs=188.185.210.36-9618+[2001-1458-303-1--100-20]-9618&alias=b9p21p5630.cern.ch&noUDP&sock=startd_7866_000d>
	SlotName: slot1_2@b9p21p5630.cern.ch
	CondorScratchDir = "/pool/condor/dir_3830651"
	Cpus = 2
	Disk = 4196918
	GPUs = 0
	Memory = 6000
...
006 (8730265.001.000) 09/22 14:47:09 Image size of job updated: 1052
	2  -  MemoryUsage of job (MB)
	1052  -  ResidentSetSize of job (KB)
...
040 (8730265.001.000) 09/22 14:47:09 Started transferring output files
...
040 (8730265.001.000) 09/22 14:47:09 Finished transferring output files
...
005 (8730265.001.000) 09/22 14:47:09 Job terminated.
	(1) Normal termination (return value 0)
		Usr 0 00:00:00, Sys 0 00:00:00  -  Run Remote Usage
		Usr 0 00:00:00, Sys 0 00:00:00  -  Run Local Usage
		Usr 0 00:00:00, Sys 0 00:00:00  -  Total Remote Usage
		Usr 0 00:00:00, Sys 0 00:00:00  -  Total Local Usage
	0  -  Run Bytes Sent By Job
	1392  -  Run Bytes Received By Job
	0  -  Total Bytes Sent By Job
	1392  -  Total Bytes Received By Job
	Partitionable Resources :    Usage  Request Allocated 
	   Cpus                 :        0        2         2 
	   Disk (KB)            :       27  4194304   4196918 
	   GPUs                 :                           0 
	   Memory (MB)          :        2     6000      6000 

	Job terminated of its own accord at 2025-09-22T12:47:09Z with exit-code 0.
...
006 (8730265.000.000) 09/22 14:47:14 Image size of job updated: 144
	0  -  MemoryUsage of job (MB)
	0  -  ResidentSetSize of job (KB)
...
040 (8730265.000.000) 09/22 14:47:14 Started transferring output files
...
040 (8730265.000.000) 09/22 14:47:14 Finished transferring output files
...
005 (8730265.000.000) 09/22 14:47:14 Job terminated.
	(1) Normal termination (return value 0)
		Usr 0 00:00:01, Sys 0 00:00:00  -  Run Remote Usage
		Usr 0 00:00:00, Sys 0 00:00:00  -  Run Local Usage
		Usr 0 00:00:01, Sys 0 00:00:00  -  Total Remote Usage
		Usr 0 00:00:00, Sys 0 00:00:00  -  Total Local Usage
	0  -  Run Bytes Sent By Job
	1392  -  Run Bytes Received By Job
	0  -  Total Bytes Sent By Job
	1392  -  Total Bytes Received By Job
	Partitionable Resources :    Usage  Request Allocated 
	   Cpus                 :        0        2         2 
	   Disk (KB)            :       27  4194304   4196215 
	   GPUs                 :                           0 
	   Memory (MB)          :        0     6000      6000 

	Job terminated of its own accord at 2025-09-22T12:47:14Z with exit-code 0.
...
