000 (8730263.000.000) 09/22 14:42:02 Job submitted from host: <188.185.8.79:9618?addrs=188.185.8.79-9618+[2001-1458-d00-63--100-23a]-9618&alias=bigbird26.cern.ch&noUDP&sock=schedd_2186_fe1e>
...
000 (8730263.001.000) 09/22 14:42:02 Job submitted from host: <188.185.8.79:9618?addrs=188.185.8.79-9618+[2001-1458-d00-63--100-23a]-9618&alias=bigbird26.cern.ch&noUDP&sock=schedd_2186_fe1e>
...
000 (8730263.002.000) 09/22 14:42:02 Job submitted from host: <188.185.8.79:9618?addrs=188.185.8.79-9618+[2001-1458-d00-63--100-23a]-9618&alias=bigbird26.cern.ch&noUDP&sock=schedd_2186_fe1e>
...
000 (8730263.003.000) 09/22 14:42:02 Job submitted from host: <188.185.8.79:9618?addrs=188.185.8.79-9618+[2001-1458-d00-63--100-23a]-9618&alias=bigbird26.cern.ch&noUDP&sock=schedd_2186_fe1e>
...
000 (8730263.004.000) 09/22 14:42:02 Job submitted from host: <188.185.8.79:9618?addrs=188.185.8.79-9618+[2001-1458-d00-63--100-23a]-9618&alias=bigbird26.cern.ch&noUDP&sock=schedd_2186_fe1e>
...
000 (8730263.005.000) 09/22 14:42:02 Job submitted from host: <188.185.8.79:9618?addrs=188.185.8.79-9618+[2001-1458-d00-63--100-23a]-9618&alias=bigbird26.cern.ch&noUDP&sock=schedd_2186_fe1e>
...
040 (8730263.000.000) 09/22 14:46:35 Started transferring input files
	Transferring to host: <188.185.194.37:9618?addrs=188.185.194.37-9618+[2001-1458-303-21--100-21]-9618&alias=b9p20p0271.cern.ch&noUDP&sock=slot1_23_1447836_3075_41830>
...
040 (8730263.000.000) 09/22 14:46:35 Finished transferring input files
...
040 (8730263.001.000) 09/22 14:46:35 Started transferring input files
	Transferring to host: <188.185.193.9:9618?addrs=188.185.193.9-9618+[2001-1458-303-20--100-5]-9618&alias=b9p19p4166.cern.ch&noUDP&sock=slot1_5_5685_58c0_104594>
...
040 (8730263.001.000) 09/22 14:46:35 Finished transferring input files
...
040 (8730263.002.000) 09/22 14:46:36 Started transferring input files
	Transferring to host: <188.185.211.231:9618?addrs=188.185.211.231-9618+[2001-1458-303-17--100-63]-9618&alias=b9p24p1762.cern.ch&noUDP&sock=slot1_13_223207_460e_105540>
...
040 (8730263.002.000) 09/22 14:46:36 Finished transferring input files
...
001 (8730263.000.000) 09/22 14:46:36 Job executing on host: <188.185.194.37:9618?addrs=188.185.194.37-9618+[2001-1458-303-21--100-21]-9618&alias=b9p20p0271.cern.ch&noUDP&sock=startd_3763_aef8>
	SlotName: slot1_23@b9p20p0271.cern.ch
	CondorScratchDir = "/pool/condor/dir_10839"
	Cpus = 2
	Disk = 4207637
	GPUs = 0
	Memory = 6000
...
001 (8730263.001.000) 09/22 14:46:36 Job executing on host: <188.185.193.9:9618?addrs=188.185.193.9-9618+[2001-1458-303-20--100-5]-9618&alias=b9p19p4166.cern.ch&noUDP&sock=startd_5145_9edb>
	SlotName: slot1_5@b9p19p4166.cern.ch
	CondorScratchDir = "/pool/condor/dir_1354343"
	Cpus = 2
	Disk = 4197756
	GPUs = 0
	Memory = 6000
...
001 (8730263.002.000) 09/22 14:46:37 Job executing on host: <188.185.211.231:9618?addrs=188.185.211.231-9618+[2001-1458-303-17--100-63]-9618&alias=b9p24p1762.cern.ch&noUDP&sock=startd_208873_154a>
	SlotName: slot1_13@b9p24p1762.cern.ch
	CondorScratchDir = "/pool/condor/dir_2577949"
	Cpus = 2
	Disk = 4207343
	GPUs = 0
	Memory = 6000
...
040 (8730263.003.000) 09/22 14:46:43 Started transferring input files
	Transferring to host: <188.185.193.103:9618?addrs=188.185.193.103-9618+[2001-1458-303-20--100-63]-9618&alias=b9p19p9677.cern.ch&noUDP&sock=slot1_23_4448_c4ae_104285>
...
040 (8730263.003.000) 09/22 14:46:43 Finished transferring input files
...
001 (8730263.003.000) 09/22 14:46:44 Job executing on host: <188.185.193.103:9618?addrs=188.185.193.103-9618+[2001-1458-303-20--100-63]-9618&alias=b9p19p9677.cern.ch&noUDP&sock=startd_3881_9f25>
	SlotName: slot1_23@b9p19p9677.cern.ch
	CondorScratchDir = "/pool/condor/dir_525431"
	Cpus = 2
	Disk = 4194484
	GPUs = 0
	Memory = 6000
...
006 (8730263.002.000) 09/22 14:46:44 Image size of job updated: 32
	0  -  MemoryUsage of job (MB)
	0  -  ResidentSetSize of job (KB)
...
040 (8730263.002.000) 09/22 14:46:44 Started transferring output files
...
040 (8730263.002.000) 09/22 14:46:44 Finished transferring output files
...
005 (8730263.002.000) 09/22 14:46:44 Job terminated.
	(1) Normal termination (return value 0)
		Usr 0 00:00:00, Sys 0 00:00:00  -  Run Remote Usage
		Usr 0 00:00:00, Sys 0 00:00:00  -  Run Local Usage
		Usr 0 00:00:00, Sys 0 00:00:00  -  Total Remote Usage
		Usr 0 00:00:00, Sys 0 00:00:00  -  Total Local Usage
	0  -  Run Bytes Sent By Job
	3337  -  Run Bytes Received By Job
	0  -  Total Bytes Sent By Job
	3337  -  Total Bytes Received By Job
	Partitionable Resources :    Usage  Request Allocated 
	   Cpus                 :        0        2         2 
	   Disk (KB)            :       30  4194304   4207343 
	   GPUs                 :                           0 
	   Memory (MB)          :        0     6000      6000 

	Job terminated of its own accord at 2025-09-22T12:46:44Z with exit-code 0.
...
006 (8730263.000.000) 09/22 14:46:50 Image size of job updated: 1368
	2  -  MemoryUsage of job (MB)
	1368  -  ResidentSetSize of job (KB)
...
006 (8730263.001.000) 09/22 14:46:50 Image size of job updated: 155148
	152  -  MemoryUsage of job (MB)
	155148  -  ResidentSetSize of job (KB)
...
006 (8730263.003.000) 09/22 14:46:51 Image size of job updated: 32
	0  -  MemoryUsage of job (MB)
	0  -  ResidentSetSize of job (KB)
...
040 (8730263.003.000) 09/22 14:46:51 Started transferring output files
...
040 (8730263.003.000) 09/22 14:46:51 Finished transferring output files
...
005 (8730263.003.000) 09/22 14:46:51 Job terminated.
	(1) Normal termination (return value 0)
		Usr 0 00:00:00, Sys 0 00:00:00  -  Run Remote Usage
		Usr 0 00:00:00, Sys 0 00:00:00  -  Run Local Usage
		Usr 0 00:00:00, Sys 0 00:00:00  -  Total Remote Usage
		Usr 0 00:00:00, Sys 0 00:00:00  -  Total Local Usage
	0  -  Run Bytes Sent By Job
	3337  -  Run Bytes Received By Job
	0  -  Total Bytes Sent By Job
	3337  -  Total Bytes Received By Job
	Partitionable Resources :    Usage  Request Allocated 
	   Cpus                 :                 2         2 
	   Disk (KB)            :       22  4194304   4194484 
	   GPUs                 :                           0 
	   Memory (MB)          :        0     6000      6000 

	Job terminated of its own accord at 2025-09-22T12:46:51Z with exit-code 0.
...
040 (8730263.004.000) 09/22 14:46:51 Started transferring input files
	Transferring to host: <188.185.193.103:9618?addrs=188.185.193.103-9618+[2001-1458-303-20--100-63]-9618&alias=b9p19p9677.cern.ch&noUDP&sock=slot1_23_4448_c4ae_104286>
...
040 (8730263.004.000) 09/22 14:46:51 Finished transferring input files
...
001 (8730263.004.000) 09/22 14:46:52 Job executing on host: <188.185.193.103:9618?addrs=188.185.193.103-9618+[2001-1458-303-20--100-63]-9618&alias=b9p19p9677.cern.ch&noUDP&sock=startd_3881_9f25>
	SlotName: slot1_23@b9p19p9677.cern.ch
	CondorScratchDir = "/pool/condor/dir_525737"
	Cpus = 2
	Disk = 4194498
	GPUs = 0
	Memory = 6000
...
040 (8730263.005.000) 09/22 14:46:56 Started transferring input files
	Transferring to host: <188.185.196.92:9618?addrs=188.185.196.92-9618+[2001-1458-303-23--100-58]-9618&alias=b9p16p6130.cern.ch&noUDP&sock=slot1_31_8773_1f3e_65258>
...
040 (8730263.005.000) 09/22 14:46:56 Finished transferring input files
...
001 (8730263.005.000) 09/22 14:46:57 Job executing on host: <188.185.196.92:9618?addrs=188.185.196.92-9618+[2001-1458-303-23--100-58]-9618&alias=b9p16p6130.cern.ch&noUDP&sock=startd_8638_872a>
	SlotName: slot1_31@b9p16p6130.cern.ch
	CondorScratchDir = "/pool/condor/dir_1184309"
	Cpus = 2
	Disk = 4196971
	GPUs = 0
	Memory = 6000
...
006 (8730263.004.000) 09/22 14:46:59 Image size of job updated: 56
	0  -  MemoryUsage of job (MB)
	0  -  ResidentSetSize of job (KB)
...
040 (8730263.004.000) 09/22 14:46:59 Started transferring output files
...
040 (8730263.004.000) 09/22 14:46:59 Finished transferring output files
...
006 (8730263.005.000) 09/22 14:46:59 Image size of job updated: 6904
	7  -  MemoryUsage of job (MB)
	6904  -  ResidentSetSize of job (KB)
...
005 (8730263.004.000) 09/22 14:46:59 Job terminated.
	(1) Normal termination (return value 0)
		Usr 0 00:00:00, Sys 0 00:00:00  -  Run Remote Usage
		Usr 0 00:00:00, Sys 0 00:00:00  -  Run Local Usage
		Usr 0 00:00:00, Sys 0 00:00:00  -  Total Remote Usage
		Usr 0 00:00:00, Sys 0 00:00:00  -  Total Local Usage
	0  -  Run Bytes Sent By Job
	3337  -  Run Bytes Received By Job
	0  -  Total Bytes Sent By Job
	3337  -  Total Bytes Received By Job
	Partitionable Resources :    Usage  Request Allocated 
	   Cpus                 :     0.09        2         2 
	   Disk (KB)            :    30     4194304   4194498 
	   GPUs                 :                           0 
	   Memory (MB)          :     0        6000      6000 

	Job terminated of its own accord at 2025-09-22T12:46:59Z with exit-code 0.
...
040 (8730263.005.000) 09/22 14:46:59 Started transferring output files
...
040 (8730263.005.000) 09/22 14:46:59 Finished transferring output files
...
005 (8730263.005.000) 09/22 14:46:59 Job terminated.
	(1) Normal termination (return value 0)
		Usr 0 00:00:00, Sys 0 00:00:00  -  Run Remote Usage
		Usr 0 00:00:00, Sys 0 00:00:00  -  Run Local Usage
		Usr 0 00:00:00, Sys 0 00:00:00  -  Total Remote Usage
		Usr 0 00:00:00, Sys 0 00:00:00  -  Total Local Usage
	0  -  Run Bytes Sent By Job
	3337  -  Run Bytes Received By Job
	0  -  Total Bytes Sent By Job
	3337  -  Total Bytes Received By Job
	Partitionable Resources :    Usage  Request Allocated 
	   Cpus                 :        0        2         2 
	   Disk (KB)            :       29  4194304   4196971 
	   GPUs                 :                           0 
	   Memory (MB)          :        7     6000      6000 

	Job terminated of its own accord at 2025-09-22T12:46:59Z with exit-code 0.
...
040 (8730263.000.000) 09/22 14:47:08 Started transferring output files
...
040 (8730263.000.000) 09/22 14:47:08 Finished transferring output files
...
005 (8730263.000.000) 09/22 14:47:08 Job terminated.
	(1) Normal termination (return value 0)
		Usr 0 00:00:00, Sys 0 00:00:00  -  Run Remote Usage
		Usr 0 00:00:00, Sys 0 00:00:00  -  Run Local Usage
		Usr 0 00:00:00, Sys 0 00:00:00  -  Total Remote Usage
		Usr 0 00:00:00, Sys 0 00:00:00  -  Total Local Usage
	0  -  Run Bytes Sent By Job
	3337  -  Run Bytes Received By Job
	0  -  Total Bytes Sent By Job
	3337  -  Total Bytes Received By Job
	Partitionable Resources :    Usage  Request Allocated 
	   Cpus                 :        0        2         2 
	   Disk (KB)            :       30  4194304   4207637 
	   GPUs                 :                           0 
	   Memory (MB)          :        2     6000      6000 

	Job terminated of its own accord at 2025-09-22T12:47:08Z with exit-code 0.
...
006 (8730263.001.000) 09/22 14:51:51 Image size of job updated: 389700
	381  -  MemoryUsage of job (MB)
	389700  -  ResidentSetSize of job (KB)
...
006 (8730263.001.000) 09/22 14:56:52 Image size of job updated: 391756
	383  -  MemoryUsage of job (MB)
	391756  -  ResidentSetSize of job (KB)
...
006 (8730263.001.000) 09/22 15:01:52 Image size of job updated: 393660
	385  -  MemoryUsage of job (MB)
	393660  -  ResidentSetSize of job (KB)
...
006 (8730263.001.000) 09/22 15:06:53 Image size of job updated: 398736
	390  -  MemoryUsage of job (MB)
	398736  -  ResidentSetSize of job (KB)
...
006 (8730263.001.000) 09/22 15:11:54 Image size of job updated: 399612
	391  -  MemoryUsage of job (MB)
	399612  -  ResidentSetSize of job (KB)
...
006 (8730263.001.000) 09/22 15:16:54 Image size of job updated: 399812
	391  -  MemoryUsage of job (MB)
	399812  -  ResidentSetSize of job (KB)
...
006 (8730263.001.000) 09/22 15:21:55 Image size of job updated: 399912
	391  -  MemoryUsage of job (MB)
	399912  -  ResidentSetSize of job (KB)
...
006 (8730263.001.000) 09/22 15:26:56 Image size of job updated: 401028
	392  -  MemoryUsage of job (MB)
	401028  -  ResidentSetSize of job (KB)
...
006 (8730263.001.000) 09/22 15:31:56 Image size of job updated: 401032
	392  -  MemoryUsage of job (MB)
	401032  -  ResidentSetSize of job (KB)
...
006 (8730263.001.000) 09/22 15:41:58 Image size of job updated: 401048
	392  -  MemoryUsage of job (MB)
	401048  -  ResidentSetSize of job (KB)
...
006 (8730263.001.000) 09/22 15:46:58 Image size of job updated: 401056
	392  -  MemoryUsage of job (MB)
	401056  -  ResidentSetSize of job (KB)
...
006 (8730263.001.000) 09/22 15:51:59 Image size of job updated: 401064
	392  -  MemoryUsage of job (MB)
	401064  -  ResidentSetSize of job (KB)
...
006 (8730263.001.000) 09/22 16:07:01 Image size of job updated: 401068
	392  -  MemoryUsage of job (MB)
	401068  -  ResidentSetSize of job (KB)
...
006 (8730263.001.000) 09/22 16:27:04 Image size of job updated: 401076
	392  -  MemoryUsage of job (MB)
	401076  -  ResidentSetSize of job (KB)
...
006 (8730263.001.000) 09/22 16:37:05 Image size of job updated: 401084
	392  -  MemoryUsage of job (MB)
	401084  -  ResidentSetSize of job (KB)
...
006 (8730263.001.000) 09/22 16:47:06 Image size of job updated: 401092
	392  -  MemoryUsage of job (MB)
	401092  -  ResidentSetSize of job (KB)
...
006 (8730263.001.000) 09/22 16:52:07 Image size of job updated: 401096
	392  -  MemoryUsage of job (MB)
	401096  -  ResidentSetSize of job (KB)
...
006 (8730263.001.000) 09/22 17:17:08 Image size of job updated: 401104
	392  -  MemoryUsage of job (MB)
	401104  -  ResidentSetSize of job (KB)
...
006 (8730263.001.000) 09/22 17:22:09 Image size of job updated: 401112
	392  -  MemoryUsage of job (MB)
	401112  -  ResidentSetSize of job (KB)
...
006 (8730263.001.000) 09/22 17:27:09 Image size of job updated: 401116
	392  -  MemoryUsage of job (MB)
	401116  -  ResidentSetSize of job (KB)
...
006 (8730263.001.000) 09/22 17:47:10 Image size of job updated: 401120
	392  -  MemoryUsage of job (MB)
	401120  -  ResidentSetSize of job (KB)
...
006 (8730263.001.000) 09/22 19:13:32 Image size of job updated: 401124
	392  -  MemoryUsage of job (MB)
	401120  -  ResidentSetSize of job (KB)
...
040 (8730263.001.000) 09/22 19:13:33 Started transferring output files
...
040 (8730263.001.000) 09/22 19:13:33 Finished transferring output files
...
005 (8730263.001.000) 09/22 19:13:33 Job terminated.
	(1) Normal termination (return value 0)
		Usr 0 01:22:48, Sys 0 00:00:45  -  Run Remote Usage
		Usr 0 00:00:00, Sys 0 00:00:00  -  Run Local Usage
		Usr 0 01:22:48, Sys 0 00:00:45  -  Total Remote Usage
		Usr 0 00:00:00, Sys 0 00:00:00  -  Total Local Usage
	15237  -  Run Bytes Sent By Job
	3337  -  Run Bytes Received By Job
	15237  -  Total Bytes Sent By Job
	3337  -  Total Bytes Received By Job
	Partitionable Resources :    Usage  Request Allocated 
	   Cpus                 :     0.01        2         2 
	   Disk (KB)            :    42     4194304   4197756 
	   GPUs                 :                           0 
	   Memory (MB)          :   392        6000      6000 

	Job terminated of its own accord at 2025-09-22T17:13:32Z with exit-code 0.
...
