000 (8730251.000.000) 09/22 14:24:20 Job submitted from host: <188.185.8.79:9618?addrs=188.185.8.79-9618+[2001-1458-d00-63--100-23a]-9618&alias=bigbird26.cern.ch&noUDP&sock=schedd_2186_fe1e>
...
040 (8730251.000.000) 09/22 14:28:56 Started transferring input files
	Transferring to host: <188.185.211.139:9618?addrs=188.185.211.139-9618+[2001-1458-303-17--100-7]-9618&alias=b9p24p1745.cern.ch&noUDP&sock=slot1_2_8363_3d6d_127296>
...
040 (8730251.000.000) 09/22 14:28:56 Finished transferring input files
...
001 (8730251.000.000) 09/22 14:28:57 Job executing on host: <188.185.211.139:9618?addrs=188.185.211.139-9618+[2001-1458-303-17--100-7]-9618&alias=b9p24p1745.cern.ch&noUDP&sock=startd_8291_83cd>
	SlotName: slot1_2@b9p24p1745.cern.ch
	CondorScratchDir = "/pool/condor/dir_852857"
	Cpus = 2
	Disk = 4196696
	GPUs = 0
	Memory = 6000
...
006 (8730251.000.000) 09/22 14:28:59 Image size of job updated: 7952
	8  -  MemoryUsage of job (MB)
	7952  -  ResidentSetSize of job (KB)
...
040 (8730251.000.000) 09/22 14:28:59 Started transferring output files
...
040 (8730251.000.000) 09/22 14:28:59 Finished transferring output files
...
005 (8730251.000.000) 09/22 14:28:59 Job terminated.
	(1) Normal termination (return value 0)
		Usr 0 00:00:00, Sys 0 00:00:00  -  Run Remote Usage
		Usr 0 00:00:00, Sys 0 00:00:00  -  Run Local Usage
		Usr 0 00:00:00, Sys 0 00:00:00  -  Total Remote Usage
		Usr 0 00:00:00, Sys 0 00:00:00  -  Total Local Usage
	0  -  Run Bytes Sent By Job
	822  -  Run Bytes Received By Job
	0  -  Total Bytes Sent By Job
	822  -  Total Bytes Received By Job
	Partitionable Resources :    Usage  Request Allocated 
	   Cpus                 :        0        2         2 
	   Disk (KB)            :       27  4194304   4196696 
	   GPUs                 :                           0 
	   Memory (MB)          :        8     6000      6000 

	Job terminated of its own accord at 2025-09-22T12:28:59Z with exit-code 0.
...
