000 (8730254.000.000) 09/22 14:25:15 Job submitted from host: <188.185.8.79:9618?addrs=188.185.8.79-9618+[2001-1458-d00-63--100-23a]-9618&alias=bigbird26.cern.ch&noUDP&sock=schedd_2186_fe1e>
...
040 (8730254.000.000) 09/22 14:28:57 Started transferring input files
	Transferring to host: <188.185.193.37:9618?addrs=188.185.193.37-9618+[2001-1458-303-20--100-21]-9618&alias=b9p19p8555.cern.ch&noUDP&sock=slot1_5_3841_14f5_106389>
...
040 (8730254.000.000) 09/22 14:28:57 Finished transferring input files
...
001 (8730254.000.000) 09/22 14:28:58 Job executing on host: <188.185.193.37:9618?addrs=188.185.193.37-9618+[2001-1458-303-20--100-21]-9618&alias=b9p19p8555.cern.ch&noUDP&sock=startd_3333_bd3f>
	SlotName: slot1_5@b9p19p8555.cern.ch
	CondorScratchDir = "/pool/condor/dir_447075"
	Cpus = 2
	Disk = 4197215
	GPUs = 0
	Memory = 6000
...
006 (8730254.000.000) 09/22 14:29:12 Image size of job updated: 1548
	2  -  MemoryUsage of job (MB)
	1548  -  ResidentSetSize of job (KB)
...
006 (8730254.000.000) 09/22 14:29:19 Image size of job updated: 18768
	2  -  MemoryUsage of job (MB)
	1548  -  ResidentSetSize of job (KB)
...
040 (8730254.000.000) 09/22 14:29:19 Started transferring output files
...
040 (8730254.000.000) 09/22 14:29:19 Finished transferring output files
...
005 (8730254.000.000) 09/22 14:29:19 Job terminated.
	(1) Normal termination (return value 0)
		Usr 0 00:00:00, Sys 0 00:00:00  -  Run Remote Usage
		Usr 0 00:00:00, Sys 0 00:00:00  -  Run Local Usage
		Usr 0 00:00:00, Sys 0 00:00:00  -  Total Remote Usage
		Usr 0 00:00:00, Sys 0 00:00:00  -  Total Local Usage
	0  -  Run Bytes Sent By Job
	841  -  Run Bytes Received By Job
	0  -  Total Bytes Sent By Job
	841  -  Total Bytes Received By Job
	Partitionable Resources :    Usage  Request Allocated 
	   Cpus                 :        0        2         2 
	   Disk (KB)            :       27  4194304   4197215 
	   GPUs                 :                           0 
	   Memory (MB)          :        2     6000      6000 

	Job terminated of its own accord at 2025-09-22T12:29:19Z with exit-code 0.
...
