000 (8730258.000.000) 09/22 14:26:35 Job submitted from host: <188.185.8.79:9618?addrs=188.185.8.79-9618+[2001-1458-d00-63--100-23a]-9618&alias=bigbird26.cern.ch&noUDP&sock=schedd_2186_fe1e>
...
040 (8730258.000.000) 09/22 14:29:13 Started transferring input files
	Transferring to host: <188.185.196.103:9618?addrs=188.185.196.103-9618+[2001-1458-303-23--100-63]-9618&alias=b9p16p2687.cern.ch&noUDP&sock=slot1_22_6072_05f0_117634>
...
040 (8730258.000.000) 09/22 14:29:13 Finished transferring input files
...
001 (8730258.000.000) 09/22 14:29:14 Job executing on host: <188.185.196.103:9618?addrs=188.185.196.103-9618+[2001-1458-303-23--100-63]-9618&alias=b9p16p2687.cern.ch&noUDP&sock=startd_5059_a1b6>
	SlotName: slot1_22@b9p16p2687.cern.ch
	CondorScratchDir = "/pool/condor/dir_748814"
	Cpus = 2
	Disk = 4196367
	GPUs = 0
	Memory = 6000
...
006 (8730258.000.000) 09/22 14:29:23 Image size of job updated: 395016
	386  -  MemoryUsage of job (MB)
	395016  -  ResidentSetSize of job (KB)
...
006 (8730258.000.000) 09/22 14:30:16 Image size of job updated: 1534544
	1499  -  MemoryUsage of job (MB)
	1534544  -  ResidentSetSize of job (KB)
...
040 (8730258.000.000) 09/22 14:30:16 Started transferring output files
...
040 (8730258.000.000) 09/22 14:30:16 Finished transferring output files
...
005 (8730258.000.000) 09/22 14:30:16 Job terminated.
	(1) Normal termination (return value 1)
		Usr 0 00:00:10, Sys 0 00:00:05  -  Run Remote Usage
		Usr 0 00:00:00, Sys 0 00:00:00  -  Run Local Usage
		Usr 0 00:00:10, Sys 0 00:00:05  -  Total Remote Usage
		Usr 0 00:00:00, Sys 0 00:00:00  -  Total Local Usage
	14458  -  Run Bytes Sent By Job
	865  -  Run Bytes Received By Job
	14458  -  Total Bytes Sent By Job
	865  -  Total Bytes Received By Job
	Partitionable Resources :    Usage  Request Allocated 
	   Cpus                 :        0        2         2 
	   Disk (KB)            :       38  4194304   4196367 
	   GPUs                 :                           0 
	   Memory (MB)          :     1499     6000      6000 

	Job terminated of its own accord at 2025-09-22T12:30:16Z with exit-code 1.
...
