000 (8730264.000.000) 09/22 14:42:12 Job submitted from host: <188.185.8.79:9618?addrs=188.185.8.79-9618+[2001-1458-d00-63--100-23a]-9618&alias=bigbird26.cern.ch&noUDP&sock=schedd_2186_fe1e>
...
000 (8730264.001.000) 09/22 14:42:12 Job submitted from host: <188.185.8.79:9618?addrs=188.185.8.79-9618+[2001-1458-d00-63--100-23a]-9618&alias=bigbird26.cern.ch&noUDP&sock=schedd_2186_fe1e>
...
040 (8730264.000.000) 09/22 14:47:05 Started transferring input files
	Transferring to host: <188.185.211.139:9618?addrs=188.185.211.139-9618+[2001-1458-303-17--100-7]-9618&alias=b9p24p1745.cern.ch&noUDP&sock=slot1_2_8363_3d6d_127313>
...
040 (8730264.000.000) 09/22 14:47:05 Finished transferring input files
...
001 (8730264.000.000) 09/22 14:47:06 Job executing on host: <188.185.211.139:9618?addrs=188.185.211.139-9618+[2001-1458-303-17--100-7]-9618&alias=b9p24p1745.cern.ch&noUDP&sock=startd_8291_83cd>
	SlotName: slot1_2@b9p24p1745.cern.ch
	CondorScratchDir = "/pool/condor/dir_865727"
	Cpus = 2
	Disk = 4197110
	GPUs = 0
	Memory = 6000
...
040 (8730264.001.000) 09/22 14:47:06 Started transferring input files
	Transferring to host: <188.185.196.165:9618?addrs=188.185.196.165-9618+[2001-1458-303-23--100-a1]-9618&alias=b9p16p1641.cern.ch&noUDP&sock=slot1_7_303333_4a08_98281>
...
040 (8730264.001.000) 09/22 14:47:06 Finished transferring input files
...
001 (8730264.001.000) 09/22 14:47:07 Job executing on host: <188.185.196.165:9618?addrs=188.185.196.165-9618+[2001-1458-303-23--100-a1]-9618&alias=b9p16p1641.cern.ch&noUDP&sock=startd_303283_7d8f>
	SlotName: slot1_7@b9p16p1641.cern.ch
	CondorScratchDir = "/pool/condor/dir_2670025"
	Cpus = 2
	Disk = 4197339
	GPUs = 0
	Memory = 6000
...
006 (8730264.000.000) 09/22 14:47:07 Image size of job updated: 1260
	2  -  MemoryUsage of job (MB)
	1260  -  ResidentSetSize of job (KB)
...
040 (8730264.000.000) 09/22 14:47:07 Started transferring output files
...
040 (8730264.000.000) 09/22 14:47:07 Finished transferring output files
...
005 (8730264.000.000) 09/22 14:47:07 Job terminated.
	(1) Normal termination (return value 0)
		Usr 0 00:00:00, Sys 0 00:00:00  -  Run Remote Usage
		Usr 0 00:00:00, Sys 0 00:00:00  -  Run Local Usage
		Usr 0 00:00:00, Sys 0 00:00:00  -  Total Remote Usage
		Usr 0 00:00:00, Sys 0 00:00:00  -  Total Local Usage
	0  -  Run Bytes Sent By Job
	1338  -  Run Bytes Received By Job
	0  -  Total Bytes Sent By Job
	1338  -  Total Bytes Received By Job
	Partitionable Resources :    Usage  Request Allocated 
	   Cpus                 :        0        2         2 
	   Disk (KB)            :       27  4194304   4197110 
	   GPUs                 :                           0 
	   Memory (MB)          :        2     6000      6000 

	Job terminated of its own accord at 2025-09-22T12:47:07Z with exit-code 0.
...
006 (8730264.001.000) 09/22 14:47:14 Image size of job updated: 172
	0  -  MemoryUsage of job (MB)
	0  -  ResidentSetSize of job (KB)
...
040 (8730264.001.000) 09/22 14:47:14 Started transferring output files
...
040 (8730264.001.000) 09/22 14:47:14 Finished transferring output files
...
005 (8730264.001.000) 09/22 14:47:14 Job terminated.
	(1) Normal termination (return value 0)
		Usr 0 00:00:00, Sys 0 00:00:00  -  Run Remote Usage
		Usr 0 00:00:00, Sys 0 00:00:00  -  Run Local Usage
		Usr 0 00:00:00, Sys 0 00:00:00  -  Total Remote Usage
		Usr 0 00:00:00, Sys 0 00:00:00  -  Total Local Usage
	0  -  Run Bytes Sent By Job
	1338  -  Run Bytes Received By Job
	0  -  Total Bytes Sent By Job
	1338  -  Total Bytes Received By Job
	Partitionable Resources :    Usage  Request Allocated 
	   Cpus                 :        0        2         2 
	   Disk (KB)            :       27  4194304   4197339 
	   GPUs                 :                           0 
	   Memory (MB)          :        0     6000      6000 

	Job terminated of its own accord at 2025-09-22T12:47:14Z with exit-code 0.
...
