000 (8730253.000.000) 09/22 14:24:38 Job submitted from host: <188.185.8.79:9618?addrs=188.185.8.79-9618+[2001-1458-d00-63--100-23a]-9618&alias=bigbird26.cern.ch&noUDP&sock=schedd_2186_fe1e>
...
040 (8730253.000.000) 09/22 14:29:36 Started transferring input files
	Transferring to host: <188.185.193.37:9618?addrs=188.185.193.37-9618+[2001-1458-303-20--100-21]-9618&alias=b9p19p8555.cern.ch&noUDP&sock=slot1_5_3841_14f5_106390>
...
040 (8730253.000.000) 09/22 14:29:36 Finished transferring input files
...
001 (8730253.000.000) 09/22 14:29:37 Job executing on host: <188.185.193.37:9618?addrs=188.185.193.37-9618+[2001-1458-303-20--100-21]-9618&alias=b9p19p8555.cern.ch&noUDP&sock=startd_3333_bd3f>
	SlotName: slot1_5@b9p19p8555.cern.ch
	CondorScratchDir = "/pool/condor/dir_447651"
	Cpus = 2
	Disk = 4196926
	GPUs = 0
	Memory = 6000
...
006 (8730253.000.000) 09/22 14:29:51 Image size of job updated: 155628
	152  -  MemoryUsage of job (MB)
	155628  -  ResidentSetSize of job (KB)
...
006 (8730253.000.000) 09/22 14:29:55 Image size of job updated: 157964
	152  -  MemoryUsage of job (MB)
	155628  -  ResidentSetSize of job (KB)
...
040 (8730253.000.000) 09/22 14:29:55 Started transferring output files
...
040 (8730253.000.000) 09/22 14:29:55 Finished transferring output files
...
005 (8730253.000.000) 09/22 14:29:55 Job terminated.
	(1) Normal termination (return value 1)
		Usr 0 00:00:07, Sys 0 00:00:01  -  Run Remote Usage
		Usr 0 00:00:00, Sys 0 00:00:00  -  Run Local Usage
		Usr 0 00:00:07, Sys 0 00:00:01  -  Total Remote Usage
		Usr 0 00:00:00, Sys 0 00:00:00  -  Total Local Usage
	10630  -  Run Bytes Sent By Job
	900  -  Run Bytes Received By Job
	10630  -  Total Bytes Sent By Job
	900  -  Total Bytes Received By Job
	Partitionable Resources :    Usage  Request Allocated 
	   Cpus                 :        0        2         2 
	   Disk (KB)            :       35  4194304   4196926 
	   GPUs                 :                           0 
	   Memory (MB)          :      152     6000      6000 

	Job terminated of its own accord at 2025-09-22T12:29:55Z with exit-code 1.
...
